0 info it worked if it ends with ok
1 verbose cli [ 'C:\\Program Files\\nodejs\\node.exe',
1 verbose cli   'C:\\Program Files\\nodejs\\node_modules\\npm\\bin\\npm-cli.js',
1 verbose cli   'install',
1 verbose cli   'node-curl' ]
2 info using npm@3.8.3
3 info using node@v5.10.1
4 silly loadCurrentTree Starting
5 silly install loadCurrentTree
6 silly install readLocalPackageData
7 silly fetchPackageMetaData node-curl
8 silly fetchNamedPackageData node-curl
9 silly mapToRegistry name node-curl
10 silly mapToRegistry using default registry
11 silly mapToRegistry registry https://registry.npmjs.org/
12 silly mapToRegistry data Result {
12 silly mapToRegistry   raw: 'node-curl',
12 silly mapToRegistry   scope: null,
12 silly mapToRegistry   name: 'node-curl',
12 silly mapToRegistry   rawSpec: '',
12 silly mapToRegistry   spec: 'latest',
12 silly mapToRegistry   type: 'tag' }
13 silly mapToRegistry uri https://registry.npmjs.org/node-curl
14 verbose request uri https://registry.npmjs.org/node-curl
15 verbose request no auth needed
16 info attempt registry request try #1 at 6:20:15 PM
17 verbose request id 14172ad626006ee5
18 verbose etag "6BRQTSQA310L5MQWOUIIC9A6P"
19 http request GET https://registry.npmjs.org/node-curl
20 http 304 https://registry.npmjs.org/node-curl
21 verbose headers { date: 'Tue, 19 Apr 2016 22:20:21 GMT',
21 verbose headers   via: '1.1 varnish',
21 verbose headers   'cache-control': 'max-age=300',
21 verbose headers   etag: '"6BRQTSQA310L5MQWOUIIC9A6P"',
21 verbose headers   age: '0',
21 verbose headers   connection: 'keep-alive',
21 verbose headers   'x-served-by': 'cache-jfk1048-JFK',
21 verbose headers   'x-cache': 'MISS',
21 verbose headers   'x-cache-hits': '0',
21 verbose headers   'x-timer': 'S1461104421.495117,VS0,VE105',
21 verbose headers   vary: 'Accept-Encoding' }
22 silly get cb [ 304,
22 silly get   { date: 'Tue, 19 Apr 2016 22:20:21 GMT',
22 silly get     via: '1.1 varnish',
22 silly get     'cache-control': 'max-age=300',
22 silly get     etag: '"6BRQTSQA310L5MQWOUIIC9A6P"',
22 silly get     age: '0',
22 silly get     connection: 'keep-alive',
22 silly get     'x-served-by': 'cache-jfk1048-JFK',
22 silly get     'x-cache': 'MISS',
22 silly get     'x-cache-hits': '0',
22 silly get     'x-timer': 'S1461104421.495117,VS0,VE105',
22 silly get     vary: 'Accept-Encoding' } ]
23 verbose etag https://registry.npmjs.org/node-curl from cache
24 verbose get saving node-curl to C:\Users\loset\AppData\Roaming\npm-cache\registry.npmjs.org\node-curl\.cache.json
25 verbose correctMkdir C:\Users\loset\AppData\Roaming\npm-cache correctMkdir not in flight; initializing
26 silly install normalizeTree
27 silly loadCurrentTree Finishing
28 silly loadIdealTree Starting
29 silly install loadIdealTree
30 silly cloneCurrentTree Starting
31 silly install cloneCurrentTreeToIdealTree
32 silly cloneCurrentTree Finishing
33 silly loadShrinkwrap Starting
34 silly install loadShrinkwrap
35 silly loadShrinkwrap Finishing
36 silly loadAllDepsIntoIdealTree Starting
37 silly install loadAllDepsIntoIdealTree
38 silly resolveWithNewModule node-curl@0.3.3 checking installable status
39 silly cache add args [ 'node-curl', null ]
40 verbose cache add spec node-curl
41 silly cache add parsed spec Result {
41 silly cache add   raw: 'node-curl',
41 silly cache add   scope: null,
41 silly cache add   name: 'node-curl',
41 silly cache add   rawSpec: '',
41 silly cache add   spec: 'latest',
41 silly cache add   type: 'tag' }
42 silly addNamed node-curl@latest
43 verbose addNamed "latest" is being treated as a dist-tag for node-curl
44 info addNameTag [ 'node-curl', 'latest' ]
45 silly mapToRegistry name node-curl
46 silly mapToRegistry using default registry
47 silly mapToRegistry registry https://registry.npmjs.org/
48 silly mapToRegistry data Result {
48 silly mapToRegistry   raw: 'node-curl',
48 silly mapToRegistry   scope: null,
48 silly mapToRegistry   name: 'node-curl',
48 silly mapToRegistry   rawSpec: '',
48 silly mapToRegistry   spec: 'latest',
48 silly mapToRegistry   type: 'tag' }
49 silly mapToRegistry uri https://registry.npmjs.org/node-curl
50 verbose addNameTag registry:https://registry.npmjs.org/node-curl not in flight; fetching
51 verbose get https://registry.npmjs.org/node-curl not expired, no request
52 silly addNameTag next cb for node-curl with tag latest
53 silly addNamed node-curl@0.3.3
54 verbose addNamed "0.3.3" is a plain semver version for node-curl
55 silly cache afterAdd node-curl@0.3.3
56 verbose afterAdd C:\Users\loset\AppData\Roaming\npm-cache\node-curl\0.3.3\package\package.json not in flight; writing
57 verbose correctMkdir C:\Users\loset\AppData\Roaming\npm-cache correctMkdir not in flight; initializing
58 verbose afterAdd C:\Users\loset\AppData\Roaming\npm-cache\node-curl\0.3.3\package\package.json written
59 silly loadAllDepsIntoIdealTree Finishing
60 silly idealTree:prePrune angular-template@1.0.0
60 silly idealTree:prePrune +-- accepts@1.2.13
60 silly idealTree:prePrune +-- array-flatten@1.1.1
60 silly idealTree:prePrune +-- async@0.2.10
60 silly idealTree:prePrune +-- body-parser@1.15.0
60 silly idealTree:prePrune | +-- http-errors@1.4.0
60 silly idealTree:prePrune | `-- qs@6.1.0
60 silly idealTree:prePrune +-- bytes@2.2.0
60 silly idealTree:prePrune +-- colors@1.1.2
60 silly idealTree:prePrune +-- content-disposition@0.5.1
60 silly idealTree:prePrune +-- content-type@1.0.1
60 silly idealTree:prePrune +-- cookie-signature@1.0.6
60 silly idealTree:prePrune +-- cookie@0.1.5
60 silly idealTree:prePrune +-- debug@2.2.0
60 silly idealTree:prePrune +-- depd@1.1.0
60 silly idealTree:prePrune +-- destroy@1.0.4
60 silly idealTree:prePrune +-- ee-first@1.1.1
60 silly idealTree:prePrune +-- escape-html@1.0.3
60 silly idealTree:prePrune +-- etag@1.7.0
60 silly idealTree:prePrune +-- express@4.13.4
60 silly idealTree:prePrune +-- finalhandler@0.4.1
60 silly idealTree:prePrune +-- forwarded@0.1.0
60 silly idealTree:prePrune +-- fresh@0.3.0
60 silly idealTree:prePrune +-- fs@0.0.2
60 silly idealTree:prePrune +-- fwk@1.0.11
60 silly idealTree:prePrune +-- http-errors@1.3.1
60 silly idealTree:prePrune +-- iconv-lite@0.4.13
60 silly idealTree:prePrune +-- inherits@2.0.1
60 silly idealTree:prePrune +-- instagram-node@0.5.8
60 silly idealTree:prePrune | `-- colors@0.6.0-1
60 silly idealTree:prePrune +-- ipaddr.js@1.0.5
60 silly idealTree:prePrune +-- lodash@4.11.1
60 silly idealTree:prePrune +-- media-typer@0.3.0
60 silly idealTree:prePrune +-- merge-descriptors@1.0.1
60 silly idealTree:prePrune +-- methods@1.1.2
60 silly idealTree:prePrune +-- mime-db@1.22.0
60 silly idealTree:prePrune +-- mime-types@2.1.10
60 silly idealTree:prePrune +-- mime@1.3.4
60 silly idealTree:prePrune +-- ms@0.7.1
60 silly idealTree:prePrune +-- negotiator@0.5.3
60 silly idealTree:prePrune +-- node-curl@0.3.3
60 silly idealTree:prePrune +-- node-rest-client@1.8.0
60 silly idealTree:prePrune +-- on-finished@2.3.0
60 silly idealTree:prePrune +-- parseurl@1.3.1
60 silly idealTree:prePrune +-- path-to-regexp@0.1.7
60 silly idealTree:prePrune +-- proxy-addr@1.0.10
60 silly idealTree:prePrune +-- qs@4.0.0
60 silly idealTree:prePrune +-- range-parser@1.0.3
60 silly idealTree:prePrune +-- raw-body@2.1.6
60 silly idealTree:prePrune | `-- bytes@2.3.0
60 silly idealTree:prePrune +-- sax@1.2.1
60 silly idealTree:prePrune +-- send@0.13.1
60 silly idealTree:prePrune +-- serve-static@1.10.2
60 silly idealTree:prePrune +-- should@0.6.3
60 silly idealTree:prePrune +-- statuses@1.2.1
60 silly idealTree:prePrune +-- type-is@1.6.12
60 silly idealTree:prePrune +-- unpipe@1.0.0
60 silly idealTree:prePrune +-- utils-merge@1.0.0
60 silly idealTree:prePrune +-- vary@1.0.1
60 silly idealTree:prePrune +-- xml2js@0.4.16
60 silly idealTree:prePrune `-- xmlbuilder@4.2.1
61 silly loadIdealTree Finishing
62 silly currentTree angular-template@1.0.0
62 silly currentTree +-- accepts@1.2.13
62 silly currentTree +-- array-flatten@1.1.1
62 silly currentTree +-- async@0.2.10
62 silly currentTree +-- body-parser@1.15.0
62 silly currentTree | +-- http-errors@1.4.0
62 silly currentTree | `-- qs@6.1.0
62 silly currentTree +-- bytes@2.2.0
62 silly currentTree +-- colors@1.1.2
62 silly currentTree +-- content-disposition@0.5.1
62 silly currentTree +-- content-type@1.0.1
62 silly currentTree +-- cookie-signature@1.0.6
62 silly currentTree +-- cookie@0.1.5
62 silly currentTree +-- debug@2.2.0
62 silly currentTree +-- depd@1.1.0
62 silly currentTree +-- destroy@1.0.4
62 silly currentTree +-- ee-first@1.1.1
62 silly currentTree +-- escape-html@1.0.3
62 silly currentTree +-- etag@1.7.0
62 silly currentTree +-- express@4.13.4
62 silly currentTree +-- finalhandler@0.4.1
62 silly currentTree +-- forwarded@0.1.0
62 silly currentTree +-- fresh@0.3.0
62 silly currentTree +-- fs@0.0.2
62 silly currentTree +-- fwk@1.0.11
62 silly currentTree +-- http-errors@1.3.1
62 silly currentTree +-- iconv-lite@0.4.13
62 silly currentTree +-- inherits@2.0.1
62 silly currentTree +-- instagram-node@0.5.8
62 silly currentTree | `-- colors@0.6.0-1
62 silly currentTree +-- ipaddr.js@1.0.5
62 silly currentTree +-- lodash@4.11.1
62 silly currentTree +-- media-typer@0.3.0
62 silly currentTree +-- merge-descriptors@1.0.1
62 silly currentTree +-- methods@1.1.2
62 silly currentTree +-- mime-db@1.22.0
62 silly currentTree +-- mime-types@2.1.10
62 silly currentTree +-- mime@1.3.4
62 silly currentTree +-- ms@0.7.1
62 silly currentTree +-- negotiator@0.5.3
62 silly currentTree +-- node-rest-client@1.8.0
62 silly currentTree +-- on-finished@2.3.0
62 silly currentTree +-- parseurl@1.3.1
62 silly currentTree +-- path-to-regexp@0.1.7
62 silly currentTree +-- proxy-addr@1.0.10
62 silly currentTree +-- qs@4.0.0
62 silly currentTree +-- range-parser@1.0.3
62 silly currentTree +-- raw-body@2.1.6
62 silly currentTree | `-- bytes@2.3.0
62 silly currentTree +-- sax@1.2.1
62 silly currentTree +-- send@0.13.1
62 silly currentTree +-- serve-static@1.10.2
62 silly currentTree +-- should@0.6.3
62 silly currentTree +-- statuses@1.2.1
62 silly currentTree +-- type-is@1.6.12
62 silly currentTree +-- unpipe@1.0.0
62 silly currentTree +-- utils-merge@1.0.0
62 silly currentTree +-- vary@1.0.1
62 silly currentTree +-- xml2js@0.4.16
62 silly currentTree `-- xmlbuilder@4.2.1
63 silly idealTree angular-template@1.0.0
63 silly idealTree +-- accepts@1.2.13
63 silly idealTree +-- array-flatten@1.1.1
63 silly idealTree +-- async@0.2.10
63 silly idealTree +-- body-parser@1.15.0
63 silly idealTree | +-- http-errors@1.4.0
63 silly idealTree | `-- qs@6.1.0
63 silly idealTree +-- bytes@2.2.0
63 silly idealTree +-- colors@1.1.2
63 silly idealTree +-- content-disposition@0.5.1
63 silly idealTree +-- content-type@1.0.1
63 silly idealTree +-- cookie-signature@1.0.6
63 silly idealTree +-- cookie@0.1.5
63 silly idealTree +-- debug@2.2.0
63 silly idealTree +-- depd@1.1.0
63 silly idealTree +-- destroy@1.0.4
63 silly idealTree +-- ee-first@1.1.1
63 silly idealTree +-- escape-html@1.0.3
63 silly idealTree +-- etag@1.7.0
63 silly idealTree +-- express@4.13.4
63 silly idealTree +-- finalhandler@0.4.1
63 silly idealTree +-- forwarded@0.1.0
63 silly idealTree +-- fresh@0.3.0
63 silly idealTree +-- fs@0.0.2
63 silly idealTree +-- fwk@1.0.11
63 silly idealTree +-- http-errors@1.3.1
63 silly idealTree +-- iconv-lite@0.4.13
63 silly idealTree +-- inherits@2.0.1
63 silly idealTree +-- instagram-node@0.5.8
63 silly idealTree | `-- colors@0.6.0-1
63 silly idealTree +-- ipaddr.js@1.0.5
63 silly idealTree +-- lodash@4.11.1
63 silly idealTree +-- media-typer@0.3.0
63 silly idealTree +-- merge-descriptors@1.0.1
63 silly idealTree +-- methods@1.1.2
63 silly idealTree +-- mime-db@1.22.0
63 silly idealTree +-- mime-types@2.1.10
63 silly idealTree +-- mime@1.3.4
63 silly idealTree +-- ms@0.7.1
63 silly idealTree +-- negotiator@0.5.3
63 silly idealTree +-- node-curl@0.3.3
63 silly idealTree +-- node-rest-client@1.8.0
63 silly idealTree +-- on-finished@2.3.0
63 silly idealTree +-- parseurl@1.3.1
63 silly idealTree +-- path-to-regexp@0.1.7
63 silly idealTree +-- proxy-addr@1.0.10
63 silly idealTree +-- qs@4.0.0
63 silly idealTree +-- range-parser@1.0.3
63 silly idealTree +-- raw-body@2.1.6
63 silly idealTree | `-- bytes@2.3.0
63 silly idealTree +-- sax@1.2.1
63 silly idealTree +-- send@0.13.1
63 silly idealTree +-- serve-static@1.10.2
63 silly idealTree +-- should@0.6.3
63 silly idealTree +-- statuses@1.2.1
63 silly idealTree +-- type-is@1.6.12
63 silly idealTree +-- unpipe@1.0.0
63 silly idealTree +-- utils-merge@1.0.0
63 silly idealTree +-- vary@1.0.1
63 silly idealTree +-- xml2js@0.4.16
63 silly idealTree `-- xmlbuilder@4.2.1
64 silly generateActionsToTake Starting
65 silly install generateActionsToTake
66 silly generateActionsToTake Finishing
67 silly diffTrees action count 1
68 silly diffTrees add node-curl@0.3.3
69 silly decomposeActions action count 8
70 silly decomposeActions fetch node-curl@0.3.3
71 silly decomposeActions extract node-curl@0.3.3
72 silly decomposeActions test node-curl@0.3.3
73 silly decomposeActions preinstall node-curl@0.3.3
74 silly decomposeActions build node-curl@0.3.3
75 silly decomposeActions install node-curl@0.3.3
76 silly decomposeActions postinstall node-curl@0.3.3
77 silly decomposeActions finalize node-curl@0.3.3
78 silly executeActions Starting
79 silly install executeActions
80 silly doSerial global-install 0
81 silly doParallel fetch 1
82 verbose correctMkdir C:\Users\loset\AppData\Roaming\npm-cache\_locks correctMkdir not in flight; initializing
83 verbose lock using C:\Users\loset\AppData\Roaming\npm-cache\_locks\staging-8356a4a517913c77.lock for C:\Users\loset\Documents\Web Projects\boustrophedon\node_modules\.staging
84 silly doParallel extract 1
85 silly extract node-curl@0.3.3
86 verbose unbuild node_modules\.staging\node-curl-9a6a34c2
87 silly gentlyRm C:\Users\loset\Documents\Web Projects\boustrophedon\node_modules\.staging\node-curl-9a6a34c2 is being purged from base C:\Users\loset\Documents\Web Projects\boustrophedon
88 verbose gentlyRm don't care about contents; nuking C:\Users\loset\Documents\Web Projects\boustrophedon\node_modules\.staging\node-curl-9a6a34c2
89 verbose tar unpack C:\Users\loset\AppData\Roaming\npm-cache\node-curl\0.3.3\package.tgz
90 verbose tar unpacking to C:\Users\loset\Documents\Web Projects\boustrophedon\node_modules\.staging\node-curl-9a6a34c2
91 silly gentlyRm C:\Users\loset\Documents\Web Projects\boustrophedon\node_modules\.staging\node-curl-9a6a34c2 is being purged
92 verbose gentlyRm don't care about contents; nuking C:\Users\loset\Documents\Web Projects\boustrophedon\node_modules\.staging\node-curl-9a6a34c2
93 silly gunzTarPerm modes [ '777', '666' ]
94 silly gunzTarPerm extractEntry package.json
95 silly gunzTarPerm modified mode [ 'package.json', 420, 438 ]
96 silly gunzTarPerm extractEntry .npmignore
97 silly gunzTarPerm modified mode [ '.npmignore', 420, 438 ]
98 silly gunzTarPerm extractEntry README.md
99 silly gunzTarPerm modified mode [ 'README.md', 420, 438 ]
100 silly gunzTarPerm extractEntry index.js
101 silly gunzTarPerm modified mode [ 'index.js', 420, 438 ]
102 silly gunzTarPerm extractEntry binding.gyp
103 silly gunzTarPerm modified mode [ 'binding.gyp', 420, 438 ]
104 silly gunzTarPerm extractEntry examples/curl.js
105 silly gunzTarPerm modified mode [ 'examples/curl.js', 420, 438 ]
106 silly gunzTarPerm extractEntry examples/low-level.js
107 silly gunzTarPerm modified mode [ 'examples/low-level.js', 420, 438 ]
108 silly gunzTarPerm extractEntry examples/post-multi-part.js
109 silly gunzTarPerm modified mode [ 'examples/post-multi-part.js', 420, 438 ]
110 silly gunzTarPerm extractEntry examples/test.js
111 silly gunzTarPerm modified mode [ 'examples/test.js', 420, 438 ]
112 silly gunzTarPerm extractEntry examples/low-level-pressure.js
113 silly gunzTarPerm modified mode [ 'examples/low-level-pressure.js', 420, 438 ]
114 silly gunzTarPerm extractEntry examples/test-stream.js
115 silly gunzTarPerm modified mode [ 'examples/test-stream.js', 420, 438 ]
116 silly gunzTarPerm extractEntry examples/pressure-multi-post.js
117 silly gunzTarPerm modified mode [ 'examples/pressure-multi-post.js', 420, 438 ]
118 silly gunzTarPerm extractEntry examples/test-get-info.js
119 silly gunzTarPerm modified mode [ 'examples/test-get-info.js', 420, 438 ]
120 silly gunzTarPerm extractEntry examples/test-errors.js
121 silly gunzTarPerm modified mode [ 'examples/test-errors.js', 420, 438 ]
122 silly gunzTarPerm extractEntry examples/quick-start.js
123 silly gunzTarPerm modified mode [ 'examples/quick-start.js', 420, 438 ]
124 silly gunzTarPerm extractEntry examples/post.js
125 silly gunzTarPerm modified mode [ 'examples/post.js', 420, 438 ]
126 silly gunzTarPerm extractEntry examples/pressure.js
127 silly gunzTarPerm modified mode [ 'examples/pressure.js', 420, 438 ]
128 silly gunzTarPerm extractEntry examples/pressure.toffee
129 silly gunzTarPerm modified mode [ 'examples/pressure.toffee', 420, 438 ]
130 silly gunzTarPerm extractEntry examples/curl.toffee
131 silly gunzTarPerm modified mode [ 'examples/curl.toffee', 420, 438 ]
132 silly gunzTarPerm extractEntry examples/test-errors.toffee
133 silly gunzTarPerm modified mode [ 'examples/test-errors.toffee', 420, 438 ]
134 silly gunzTarPerm extractEntry examples/pressure-multi-post.toffee
135 silly gunzTarPerm modified mode [ 'examples/pressure-multi-post.toffee', 420, 438 ]
136 silly gunzTarPerm extractEntry examples/post.toffee
137 silly gunzTarPerm modified mode [ 'examples/post.toffee', 420, 438 ]
138 silly gunzTarPerm extractEntry examples/test-stream.toffee
139 silly gunzTarPerm modified mode [ 'examples/test-stream.toffee', 420, 438 ]
140 silly gunzTarPerm extractEntry examples/post-multi-part.toffee
141 silly gunzTarPerm modified mode [ 'examples/post-multi-part.toffee', 420, 438 ]
142 silly gunzTarPerm extractEntry examples/test.toffee
143 silly gunzTarPerm modified mode [ 'examples/test.toffee', 420, 438 ]
144 silly gunzTarPerm extractEntry .travis.yml
145 silly gunzTarPerm modified mode [ '.travis.yml', 420, 438 ]
146 silly gunzTarPerm extractEntry index.toffee
147 silly gunzTarPerm modified mode [ 'index.toffee', 420, 438 ]
148 silly gunzTarPerm extractEntry lib/Curl.js
149 silly gunzTarPerm modified mode [ 'lib/Curl.js', 420, 438 ]
150 silly gunzTarPerm extractEntry lib/CurlBuilder.js
151 silly gunzTarPerm modified mode [ 'lib/CurlBuilder.js', 420, 438 ]
152 silly gunzTarPerm extractEntry lib/Curl.toffee
153 silly gunzTarPerm modified mode [ 'lib/Curl.toffee', 420, 438 ]
154 silly gunzTarPerm extractEntry lib/CurlBuilder.toffee
155 silly gunzTarPerm modified mode [ 'lib/CurlBuilder.toffee', 420, 438 ]
156 silly gunzTarPerm extractEntry LICENSE-MIT
157 silly gunzTarPerm modified mode [ 'LICENSE-MIT', 420, 438 ]
158 silly gunzTarPerm extractEntry src/generate_curl_options_list.sh
159 silly gunzTarPerm modified mode [ 'src/generate_curl_options_list.sh', 493, 511 ]
160 silly gunzTarPerm extractEntry src/node-curl.cc
161 silly gunzTarPerm modified mode [ 'src/node-curl.cc', 420, 438 ]
162 silly gunzTarPerm extractEntry src/node-curl.h
163 silly gunzTarPerm modified mode [ 'src/node-curl.h', 420, 438 ]
164 silly gunzTarPerm extractEntry wscript
165 silly gunzTarPerm modified mode [ 'wscript', 420, 438 ]
166 silly gentlyRm C:\Users\loset\Documents\Web Projects\boustrophedon\node_modules\.staging\node-curl-9a6a34c2\node_modules is being purged
167 verbose gentlyRm don't care about contents; nuking C:\Users\loset\Documents\Web Projects\boustrophedon\node_modules\.staging\node-curl-9a6a34c2\node_modules
168 silly doParallel preinstall 1
169 silly preinstall node-curl@0.3.3 C:\Users\loset\Documents\Web Projects\boustrophedon\node_modules\.staging\node-curl-9a6a34c2
170 info lifecycle node-curl@0.3.3~preinstall: node-curl@0.3.3
171 silly lifecycle node-curl@0.3.3~preinstall: no script for preinstall, continuing
172 silly doReverseSerial remove 0
173 silly doSerial move 0
174 silly doSerial finalize 1
175 silly finalize C:\Users\loset\Documents\Web Projects\boustrophedon\node_modules\node-curl
176 silly doSerial build 1
177 silly build node-curl@0.3.3
178 info linkStuff node-curl@0.3.3
179 silly linkStuff node-curl@0.3.3 has C:\Users\loset\Documents\Web Projects\boustrophedon\node_modules as its parent node_modules
180 verbose linkBins node-curl@0.3.3
181 verbose linkMans node-curl@0.3.3
182 silly doSerial global-link 0
183 silly doParallel update-linked 0
184 silly doSerial install 1
185 silly install node-curl@0.3.3 C:\Users\loset\Documents\Web Projects\boustrophedon\node_modules\.staging\node-curl-9a6a34c2
186 info lifecycle node-curl@0.3.3~install: node-curl@0.3.3
187 verbose lifecycle node-curl@0.3.3~install: unsafe-perm in lifecycle true
188 verbose lifecycle node-curl@0.3.3~install: PATH: C:\Program Files\nodejs\node_modules\npm\bin\node-gyp-bin;C:\Users\loset\Documents\Web Projects\boustrophedon\node_modules\node-curl\node_modules\.bin;C:\Users\loset\Documents\Web Projects\boustrophedon\node_modules\.bin;C:\Program Files\nodejs;C:\Program Files (x86)\Intel\iCLS Client\;C:\Program Files\Intel\iCLS Client\;C:\Windows\system32;C:\Windows;C:\Windows\System32\Wbem;C:\Windows\System32\WindowsPowerShell\v1.0\;C:\Program Files (x86)\Intel\Intel(R) Management Engine Components\DAL;C:\Program Files\Intel\Intel(R) Management Engine Components\DAL;C:\Program Files (x86)\Intel\Intel(R) Management Engine Components\IPT;C:\Program Files\Intel\Intel(R) Management Engine Components\IPT;C:\Program Files\Intel\WiFi\bin\;C:\Program Files\Common Files\Intel\WirelessCommon\;C:\Program Files (x86)\Brackets\command;C:\Program Files\nodejs\;C:\Program Files\Git\cmd;C:\Program Files (x86)\Heroku\bin;C:\Program Files (x86)\git\cmd;C:\Program Files (x86)\Git\cmd;C:\Users\loset\AppData\Roaming\npm
189 verbose lifecycle node-curl@0.3.3~install: CWD: C:\Users\loset\Documents\Web Projects\boustrophedon\node_modules\node-curl
190 silly lifecycle node-curl@0.3.3~install: Args: [ '/d /s /c',
190 silly lifecycle   'sh src/generate_curl_options_list.sh && (node-gyp rebuild || node-waf configure build)' ]
191 silly lifecycle node-curl@0.3.3~install: Returned: code: 1  signal: null
192 info lifecycle node-curl@0.3.3~install: Failed to exec install script
193 verbose unlock done using C:\Users\loset\AppData\Roaming\npm-cache\_locks\staging-8356a4a517913c77.lock for C:\Users\loset\Documents\Web Projects\boustrophedon\node_modules\.staging
194 silly rollbackFailedOptional Starting
195 silly rollbackFailedOptional Finishing
196 silly runTopLevelLifecycles Starting
197 silly runTopLevelLifecycles Finishing
198 silly install printInstalled
199 warn angular-template@1.0.0 No repository field.
200 verbose stack Error: node-curl@0.3.3 install: `sh src/generate_curl_options_list.sh && (node-gyp rebuild || node-waf configure build)`
200 verbose stack Exit status 1
200 verbose stack     at EventEmitter.<anonymous> (C:\Program Files\nodejs\node_modules\npm\lib\utils\lifecycle.js:239:16)
200 verbose stack     at emitTwo (events.js:100:13)
200 verbose stack     at EventEmitter.emit (events.js:185:7)
200 verbose stack     at ChildProcess.<anonymous> (C:\Program Files\nodejs\node_modules\npm\lib\utils\spawn.js:24:14)
200 verbose stack     at emitTwo (events.js:100:13)
200 verbose stack     at ChildProcess.emit (events.js:185:7)
200 verbose stack     at maybeClose (internal/child_process.js:850:16)
200 verbose stack     at Process.ChildProcess._handle.onexit (internal/child_process.js:215:5)
201 verbose pkgid node-curl@0.3.3
202 verbose cwd C:\Users\loset\Documents\Web Projects\boustrophedon
203 error Windows_NT 10.0.10240
204 error argv "C:\\Program Files\\nodejs\\node.exe" "C:\\Program Files\\nodejs\\node_modules\\npm\\bin\\npm-cli.js" "install" "node-curl"
205 error node v5.10.1
206 error npm  v3.8.3
207 error code ELIFECYCLE
208 error node-curl@0.3.3 install: `sh src/generate_curl_options_list.sh && (node-gyp rebuild || node-waf configure build)`
208 error Exit status 1
209 error Failed at the node-curl@0.3.3 install script 'sh src/generate_curl_options_list.sh && (node-gyp rebuild || node-waf configure build)'.
209 error Make sure you have the latest version of node.js and npm installed.
209 error If you do, this is most likely a problem with the node-curl package,
209 error not with npm itself.
209 error Tell the author that this fails on your system:
209 error     sh src/generate_curl_options_list.sh && (node-gyp rebuild || node-waf configure build)
209 error You can get information on how to open an issue for this project with:
209 error     npm bugs node-curl
209 error Or if that isn't available, you can get their info via:
209 error     npm owner ls node-curl
209 error There is likely additional logging output above.
210 verbose exit [ 1, true ]
